
Showing logs for build [32mcb-kubecd-bdd-gh-1590159668-pr-85nc2-1[0m stage [32mfrom-build-pack[0m and container [32mstep-credential-initializer-l4dcz[0m
{"level":"info","ts":1590163111.6537082,"logger":"fallback-logger","caller":"logging/config.go:69","msg":"Fetch GitHub commit ID from kodata failed: open /var/run/ko/refs/heads/0.8.0-ns-support: no such file or directory"}
{"level":"info","ts":1590163111.6563566,"logger":"fallback-logger","caller":"creds-init/main.go:40","msg":"Credentials initialized."}

Showing logs for build [32mcb-kubecd-bdd-gh-1590159668-pr-85nc2-1[0m stage [32mfrom-build-pack[0m and container [32mstep-working-dir-initializer-ccn8t[0m
{"level":"info","ts":1590163112.1099782,"logger":"fallback-logger","caller":"logging/config.go:69","msg":"Fetch GitHub commit ID from kodata failed: open /var/run/ko/HEAD: no such file or directory"}
{"level":"info","ts":1590163112.1113973,"logger":"fallback-logger","caller":"bash/main.go:64","msg":"Successfully executed command \"sh -c mkdir -p /workspace/source\"; output "}

Showing logs for build [32mcb-kubecd-bdd-gh-1590159668-pr-85nc2-1[0m stage [32mfrom-build-pack[0m and container [32mstep-place-tools[0m

Showing logs for build [32mcb-kubecd-bdd-gh-1590159668-pr-85nc2-1[0m stage [32mfrom-build-pack[0m and container [32mstep-git-source-cb-kubecd-bdd-gh-1590159668-pr-85nc2-gj2m7[0m
{"level":"info","ts":1590163143.2075248,"logger":"fallback-logger","caller":"logging/config.go:69","msg":"Fetch GitHub commit ID from kodata failed: open /var/run/ko/refs/heads/0.8.0-ns-support: no such file or directory"}
{"level":"info","ts":1590163144.2664497,"logger":"fallback-logger","caller":"git/git.go:103","msg":"Successfully cloned https://github.com/cb-kubecd/bdd-gh-1590159668.git @ master in path /workspace/source"}

Showing logs for build [32mcb-kubecd-bdd-gh-1590159668-pr-85nc2-1[0m stage [32mfrom-build-pack[0m and container [32mstep-git-merge[0m
Using SHAs from PULL_REFS=master:e08fccb143ff0e4164117604f6b9c1035badf079,1:8829ded7a8b7a2c4f8d76965bf1cc19fc66177cc
DEBUG: LC_ALL=C JX_LOG_LEVEL=error git fetch origin --unshallow 8829ded7a8b7a2c4f8d76965bf1cc19fc66177cc: e08fccb143ff0e4164117604f6b9c1035badf079:
DEBUG: ran git fetch --unshallow origin 8829ded7a8b7a2c4f8d76965bf1cc19fc66177cc: e08fccb143ff0e4164117604f6b9c1035badf079: in 
DEBUG: JX_LOG_LEVEL=error LC_ALL=C git branch
DEBUG: LC_ALL=C JX_LOG_LEVEL=error git checkout master
DEBUG: ran git checkout master in 
DEBUG: LC_ALL=C JX_LOG_LEVEL=error git reset --hard e08fccb143ff0e4164117604f6b9c1035badf079
DEBUG: ran git reset --hard e08fccb143ff0e4164117604f6b9c1035badf079 in 
DEBUG: LC_ALL=C JX_LOG_LEVEL=error git clean -fd .
DEBUG: ran clean --force -d . in 
DEBUG: LC_ALL=C JX_LOG_LEVEL=error git merge 8829ded7a8b7a2c4f8d76965bf1cc19fc66177cc
DEBUG: ran git merge 8829ded7a8b7a2c4f8d76965bf1cc19fc66177cc in 
DEBUG: LC_ALL=C JX_LOG_LEVEL=error git log --format=%H%x1f%an%x1f%ae%x1f%cn%x1f%ce%x1f%s%n%b%x1e e08fccb143ff0e4164117604f6b9c1035badf079..HEAD
Merged SHA 8829ded7a8b7a2c4f8d76965bf1cc19fc66177cc with commit message 'My first PR commit' into base branch master

Showing logs for build [32mcb-kubecd-bdd-gh-1590159668-pr-85nc2-1[0m stage [32mfrom-build-pack[0m and container [32mstep-build-make-linux[0m
CGO_ENABLED=0 GOOS=linux GOARCH=amd64 GO15VENDOREXPERIMENT=1 go build -ldflags '' -o bin/bdd-gh-1590159668 main.go

Showing logs for build [32mcb-kubecd-bdd-gh-1590159668-pr-85nc2-1[0m stage [32mfrom-build-pack[0m and container [32mstep-build-container-build[0m
E0522 15:59:16.375455       9 aws_credentials.go:77] while getting AWS credentials NoCredentialProviders: no valid providers in chain. Deprecated.
	For verbose messaging see aws.Config.CredentialsChainVerboseErrors
[36mINFO[0m[0001] Using dockerignore file: /workspace/source/.dockerignore 
[36mINFO[0m[0001] No base image, nothing to extract            
[36mINFO[0m[0001] Built cross stage deps: map[]                
[36mINFO[0m[0001] No base image, nothing to extract            
[36mINFO[0m[0001] Executing 0 build triggers                   
[36mINFO[0m[0001] cmd: EXPOSE                                  
[36mINFO[0m[0001] Adding exposed port: 8080/tcp                
[36mINFO[0m[0001] Checking for cached layer gcr.io/jenkins-x-bdd3/cache:530e19d52bb830aa95e3a13e87aa88040593707b10d628c4f4c988eeb206750e... 
[36mINFO[0m[0001] Using caching version of cmd: COPY ./bin/ /  
[36mINFO[0m[0001] Skipping unpacking as no commands require it. 
[36mINFO[0m[0001] EXPOSE 8080                                  
[36mINFO[0m[0001] cmd: EXPOSE                                  
[36mINFO[0m[0001] Adding exposed port: 8080/tcp                
[36mINFO[0m[0001] No files changed in this command, skipping snapshotting. 
[36mINFO[0m[0001] ENTRYPOINT ["/bdd-gh-1590159668"]            
[36mINFO[0m[0001] No files changed in this command, skipping snapshotting. 
[36mINFO[0m[0001] COPY ./bin/ /                                
[36mINFO[0m[0001] Found cached layer, extracting to filesystem 

Showing logs for build [32mcb-kubecd-bdd-gh-1590159668-pr-85nc2-1[0m stage [32mfrom-build-pack[0m and container [32mstep-postbuild-post-build[0m
no CVE provider running in the current ** namespace so skip adding image to be analysed

Showing logs for build [32mcb-kubecd-bdd-gh-1590159668-pr-85nc2-1[0m stage [32mfrom-build-pack[0m and container [32mstep-promote-make-preview[0m
sed -i -e "s/version:.*/version: 0.0.0-SNAPSHOT-PR-1-1/" Chart.yaml
sed -i -e "s/version:.*/version: 0.0.0-SNAPSHOT-PR-1-1/" ../*/Chart.yaml
sed -i -e "s|repository:.*|repository: gcr.io\/jenkins-x-bdd3\/bdd-gh-1590159668|" values.yaml
sed -i -e "s/tag:.*/tag: 0.0.0-SNAPSHOT-PR-1-1/" values.yaml
echo "  version: 0.0.0-SNAPSHOT-PR-1-1" >> requirements.yaml
** step helm build
WARNING: No $CHART_REPOSITORY defined so using the default value of: http://jenkins-x-chartmuseum:8080
Adding missing Helm repo: storage.googleapis.com https://storage.googleapis.com/chartmuseum.jenkins-x.io
WARNING: No secrets found on "helm/repos" due: reading the secret "helm/repos" from vault: no secret "helm/repos" not found in vault
Read credentials for https://storage.googleapis.com/chartmuseum.jenkins-x.io from vault helm/repos
Successfully added Helm repository storage.googleapis.com.
Adding missing Helm repo: jenkins-x-chartmuseum http://jenkins-x-chartmuseum:8080
WARNING: No secrets found on "helm/repos" due: reading the secret "helm/repos" from vault: no secret "helm/repos" not found in vault
Read credentials for http://jenkins-x-chartmuseum:8080 from vault helm/repos
Successfully added Helm repository jenkins-x-chartmuseum.
WARNING: No $CHART_REPOSITORY defined so using the default value of: http://jenkins-x-chartmuseum:8080
Adding missing Helm repo: chartmuseum.jenkins-x.io http://chartmuseum.jenkins-x.io
WARNING: No secrets found on "helm/repos" due: reading the secret "helm/repos" from vault: no secret "helm/repos" not found in vault
Read credentials for http://chartmuseum.jenkins-x.io from vault helm/repos
Successfully added Helm repository chartmuseum.jenkins-x.io.

Showing logs for build [32mcb-kubecd-bdd-gh-1590159668-pr-85nc2-1[0m stage [32mfrom-build-pack[0m and container [32mstep-promote-jx-preview[0m
Creating a preview
Created environment cb-kubecd-bdd-gh-1590159668-pr-1
Namespace **-cb-kubecd-bdd-gh-1590159668-pr-1 created 
expose:
  Annotations:
    helm.sh/hook: post-install,post-upgrade
    helm.sh/hook-delete-policy: hook-succeeded
  config:
    domain: c**d7.bdd.jenkins-x.rocks
    exposer: Ingress
    http: "true"
preview:
  image:
    repository: gcr.io/jenkins-x-bdd3/bdd-gh-1590159668
    tag: 0.0.0-SNAPSHOT-PR-1-1

Updating PipelineActivities cb-kubecd-bdd-gh-1590159668-pr-1-1 which has status Running
WARNING: preview application http://bdd-gh-1590159668.**-cb-kubecd-bdd-gh-1590159668-pr-1.c**d7.bdd.jenkins-x.rocks not available, error was Get http://bdd-gh-1590159668.**-cb-kubecd-bdd-gh-1590159668-pr-1.c**d7.bdd.jenkins-x.rocks: dial tcp: lookup bdd-gh-1590159668.**-cb-kubecd-bdd-gh-1590159668-pr-1.c**d7.bdd.jenkins-x.rocks on 10.59.240.10:53: no such host, delaying for: 911.540363ms
WARNING: preview application http://bdd-gh-1590159668.**-cb-kubecd-bdd-gh-1590159668-pr-1.c**d7.bdd.jenkins-x.rocks not available, error was Get http://bdd-gh-1590159668.**-cb-kubecd-bdd-gh-1590159668-pr-1.c**d7.bdd.jenkins-x.rocks: dial tcp: lookup bdd-gh-1590159668.**-cb-kubecd-bdd-gh-1590159668-pr-1.c**d7.bdd.jenkins-x.rocks on 10.59.240.10:53: no such host, delaying for: 1.718750062s
WARNING: preview application http://bdd-gh-1590159668.**-cb-kubecd-bdd-gh-1590159668-pr-1.c**d7.bdd.jenkins-x.rocks not available, error was Get http://bdd-gh-1590159668.**-cb-kubecd-bdd-gh-1590159668-pr-1.c**d7.bdd.jenkins-x.rocks: dial tcp: lookup bdd-gh-1590159668.**-cb-kubecd-bdd-gh-1590159668-pr-1.c**d7.bdd.jenkins-x.rocks on 10.59.240.10:53: no such host, delaying for: 2.576337449s
WARNING: preview application http://bdd-gh-1590159668.**-cb-kubecd-bdd-gh-1590159668-pr-1.c**d7.bdd.jenkins-x.rocks not available, error was Get http://bdd-gh-1590159668.**-cb-kubecd-bdd-gh-1590159668-pr-1.c**d7.bdd.jenkins-x.rocks: dial tcp: lookup bdd-gh-1590159668.**-cb-kubecd-bdd-gh-1590159668-pr-1.c**d7.bdd.jenkins-x.rocks on 10.59.240.10:53: no such host, delaying for: 4.987451737s
WARNING: preview application http://bdd-gh-1590159668.**-cb-kubecd-bdd-gh-1590159668-pr-1.c**d7.bdd.jenkins-x.rocks not available, error was Get http://bdd-gh-1590159668.**-cb-kubecd-bdd-gh-1590159668-pr-1.c**d7.bdd.jenkins-x.rocks: dial tcp: lookup bdd-gh-1590159668.**-cb-kubecd-bdd-gh-1590159668-pr-1.c**d7.bdd.jenkins-x.rocks on 10.59.240.10:53: no such host, delaying for: 2.879328238s
WARNING: preview application http://bdd-gh-1590159668.**-cb-kubecd-bdd-gh-1590159668-pr-1.c**d7.bdd.jenkins-x.rocks not available, error was Get http://bdd-gh-1590159668.**-cb-kubecd-bdd-gh-1590159668-pr-1.c**d7.bdd.jenkins-x.rocks: dial tcp: lookup bdd-gh-1590159668.**-cb-kubecd-bdd-gh-1590159668-pr-1.c**d7.bdd.jenkins-x.rocks on 10.59.240.10:53: no such host, delaying for: 9.916463735s
WARNING: preview application http://bdd-gh-1590159668.**-cb-kubecd-bdd-gh-1590159668-pr-1.c**d7.bdd.jenkins-x.rocks not available, error was Get http://bdd-gh-1590159668.**-cb-kubecd-bdd-gh-1590159668-pr-1.c**d7.bdd.jenkins-x.rocks: dial tcp: lookup bdd-gh-1590159668.**-cb-kubecd-bdd-gh-1590159668-pr-1.c**d7.bdd.jenkins-x.rocks on 10.59.240.10:53: no such host, delaying for: 6.18421683s
WARNING: preview application http://bdd-gh-1590159668.**-cb-kubecd-bdd-gh-1590159668-pr-1.c**d7.bdd.jenkins-x.rocks not available, error was Get http://bdd-gh-1590159668.**-cb-kubecd-bdd-gh-1590159668-pr-1.c**d7.bdd.jenkins-x.rocks: dial tcp: lookup bdd-gh-1590159668.**-cb-kubecd-bdd-gh-1590159668-pr-1.c**d7.bdd.jenkins-x.rocks on 10.59.240.10:53: no such host, delaying for: 10.254969594s
WARNING: preview application http://bdd-gh-1590159668.**-cb-kubecd-bdd-gh-1590159668-pr-1.c**d7.bdd.jenkins-x.rocks not available, error was Get http://bdd-gh-1590159668.**-cb-kubecd-bdd-gh-1590159668-pr-1.c**d7.bdd.jenkins-x.rocks: dial tcp: lookup bdd-gh-1590159668.**-cb-kubecd-bdd-gh-1590159668-pr-1.c**d7.bdd.jenkins-x.rocks on 10.59.240.10:53: no such host, delaying for: 36.178115353s
WARNING: preview application http://bdd-gh-1590159668.**-cb-kubecd-bdd-gh-1590159668-pr-1.c**d7.bdd.jenkins-x.rocks not available, error was Get http://bdd-gh-1590159668.**-cb-kubecd-bdd-gh-1590159668-pr-1.c**d7.bdd.jenkins-x.rocks: dial tcp: lookup bdd-gh-1590159668.**-cb-kubecd-bdd-gh-1590159668-pr-1.c**d7.bdd.jenkins-x.rocks on 10.59.240.10:53: no such host, delaying for: 24.376325342s
WARNING: preview application http://bdd-gh-1590159668.**-cb-kubecd-bdd-gh-1590159668-pr-1.c**d7.bdd.jenkins-x.rocks not available, error was Get http://bdd-gh-1590159668.**-cb-kubecd-bdd-gh-1590159668-pr-1.c**d7.bdd.jenkins-x.rocks: dial tcp: lookup bdd-gh-1590159668.**-cb-kubecd-bdd-gh-1590159668-pr-1.c**d7.bdd.jenkins-x.rocks on 10.59.240.10:53: no such host, delaying for: 1m21.293939425s
WARNING: preview application http://bdd-gh-1590159668.**-cb-kubecd-bdd-gh-1590159668-pr-1.c**d7.bdd.jenkins-x.rocks not available, error was Get http://bdd-gh-1590159668.**-cb-kubecd-bdd-gh-1590159668-pr-1.c**d7.bdd.jenkins-x.rocks: dial tcp: lookup bdd-gh-1590159668.**-cb-kubecd-bdd-gh-1590159668-pr-1.c**d7.bdd.jenkins-x.rocks on 10.59.240.10:53: no such host, delaying for: 57.533067234s
WARNING: preview application http://bdd-gh-1590159668.**-cb-kubecd-bdd-gh-1590159668-pr-1.c**d7.bdd.jenkins-x.rocks not available, error was Get http://bdd-gh-1590159668.**-cb-kubecd-bdd-gh-1590159668-pr-1.c**d7.bdd.jenkins-x.rocks: dial tcp: lookup bdd-gh-1590159668.**-cb-kubecd-bdd-gh-1590159668-pr-1.c**d7.bdd.jenkins-x.rocks on 10.59.240.10:53: no such host, delaying for: 54.945118184s
WARNING: preview application http://bdd-gh-1590159668.**-cb-kubecd-bdd-gh-1590159668-pr-1.c**d7.bdd.jenkins-x.rocks not available, error was Get http://bdd-gh-1590159668.**-cb-kubecd-bdd-gh-1590159668-pr-1.c**d7.bdd.jenkins-x.rocks: dial tcp: lookup bdd-gh-1590159668.**-cb-kubecd-bdd-gh-1590159668-pr-1.c**d7.bdd.jenkins-x.rocks on 10.59.240.10:53: no such host, delaying for: 40.589376808s
Preview application is now available at: http://bdd-gh-1590159668.**-cb-kubecd-bdd-gh-1590159668-pr-1.c**d7.bdd.jenkins-x.rocks
WARNING: Failed to comment on the Pull Request with owner cb-kubecd repo bdd-gh-1590159668: POST https://api.github.com/repos/cb-kubecd/bdd-gh-1590159668/issues/1/comments: 502 Server Error []
